<?xml version="1.0" encoding="UTF-8"?>
<testng-results skipped="0" failed="0" total="1" passed="1">
  <reporter-output>
  </reporter-output>
  <suite name="Suite" duration-ms="100180" started-at="2019-11-08T09:33:18Z" finished-at="2019-11-08T09:34:58Z">
    <groups>
    </groups>
    <test name="Test" duration-ms="100180" started-at="2019-11-08T09:33:18Z" finished-at="2019-11-08T09:34:58Z">
      <class name="com.TestMe.TestAutomation">
        <test-method status="PASS" signature="configureBrowser()[pri:0, instance:com.TestMe.TestAutomation@725bef66]" name="configureBrowser" is-config="true" duration-ms="22673" started-at="2019-11-08T15:03:18Z" finished-at="2019-11-08T15:03:41Z">
          <reporter-output>
          </reporter-output>
        </test-method> <!-- configureBrowser -->
        <test-method status="PASS" signature="user_login_logout()[pri:0, instance:com.TestMe.TestAutomation@725bef66]" name="user_login_logout" duration-ms="76504" started-at="2019-11-08T15:03:41Z" finished-at="2019-11-08T15:04:57Z">
          <reporter-output>
          </reporter-output>
        </test-method> <!-- user_login_logout -->
        <test-method status="PASS" signature="closeBrowser()[pri:0, instance:com.TestMe.TestAutomation@725bef66]" name="closeBrowser" is-config="true" duration-ms="917" started-at="2019-11-08T15:04:57Z" finished-at="2019-11-08T15:04:58Z">
          <reporter-output>
          </reporter-output>
        </test-method> <!-- closeBrowser -->
      </class> <!-- com.TestMe.TestAutomation -->
    </test> <!-- Test -->
  </suite> <!-- Suite -->
</testng-results>
